<?xml version="1.0" encoding="UTF-8"?>
<testsuite name="core.TransactionValidatorTest" tests="2" skipped="0" failures="0" errors="0" timestamp="2017-12-30T05:30:47" hostname="Siyus-MacBook-Pro-3.local" time="0.008">
  <properties/>
  <testcase name="testDetectFraudCreditCards[0]" classname="core.TransactionValidatorTest" time="0.007"/>
  <testcase name="testDetectFraudCreditCards[1]" classname="core.TransactionValidatorTest" time="0.0"/>
  <system-out><![CDATA[]]></system-out>
  <system-err><![CDATA[]]></system-err>
</testsuite>
